<?xml version="1.0" encoding="UTF-8"?>
<!-- Generated by org.testng.reporters.JUnitReportReporter -->
<testsuite hostname="nagunaidu" failures="0" tests="1" name="newThinks.property" time="0.024" errors="0" timestamp="2025-07-13T17:55:15 IST" skipped="0">
  <testcase classname="newThinks.property" name="test" time="0.024"/>
</testsuite> <!-- newThinks.property -->
