<?xml version="1.0" encoding="UTF-8"?>
<!-- Generated by org.testng.reporters.JUnitReportReporter -->
<testsuite hostname="nagunaidu" failures="0" tests="1" name="newThinks.sslcerificates" time="9.168" errors="0" timestamp="2025-04-22T12:26:41 IST" skipped="0">
  <testcase classname="newThinks.sslcerificates" name="test" time="9.168"/>
</testsuite> <!-- newThinks.sslcerificates -->
