<?xml version="1.0" encoding="UTF-8"?>
<!-- Generated by org.testng.reporters.JUnitReportReporter -->
<testsuite hostname="naganaidu" failures="0" tests="1" name="dhoni777.fontsize" time="6.666" errors="0" timestamp="2024-10-13T12:04:25 IST" skipped="0">
  <testcase classname="dhoni777.fontsize" name="test" time="6.666"/>
</testsuite> <!-- dhoni777.fontsize -->
